[22:25:49] [ServerMain/INFO]: [bootstrap] Running Java 21 (OpenJDK 64-Bit Server VM 21.0.10+7-Ubuntu-124.04; Ubuntu null) on Linux 6.8.0-1044-azure (amd64)
[22:25:49] [ServerMain/INFO]: [bootstrap] Loading Paper 1.21.11-99-main@81b9122 (2026-01-20T19:08:30Z) for Minecraft 1.21.11
[22:25:50] [ServerMain/INFO]: [PluginInitializerManager] Initializing plugins...
[22:25:51] [ServerMain/INFO]: [PluginInitializerManager] Initialized 0 plugins
[22:26:01] [ServerMain/INFO]: Environment: Environment[sessionHost=https://sessionserver.mojang.com, servicesHost=https://api.minecraftservices.com, profilesHost=https://api.mojang.com, name=PROD]
[22:26:01] [ServerMain/INFO]: [ca.spottedleaf.dataconverter.minecraft.datatypes.MCTypeRegistry] Initialising converters for DataConverter...
[22:26:02] [ServerMain/INFO]: [ca.spottedleaf.dataconverter.minecraft.datatypes.MCTypeRegistry] Finished initialising converters for DataConverter in 1,417.2ms
[22:26:06] [ServerMain/INFO]: Loaded 1470 recipes
[22:26:06] [ServerMain/INFO]: Loaded 1584 advancements
[22:26:07] [Server thread/INFO]: Starting minecraft server version 1.21.11
[22:26:07] [Server thread/INFO]: Loading properties
[22:26:07] [Server thread/INFO]: This server is running Paper version 1.21.11-99-main@81b9122 (2026-01-20T19:08:30Z) (Implementing API version 1.21.11-R0.1-SNAPSHOT)
[22:26:07] [Server thread/INFO]: [spark] This server bundles the spark profiler. For more information please visit https://docs.papermc.io/paper/profiling
[22:26:07] [Server thread/INFO]: Server Ping Player Sample Count: 12
[22:26:07] [Server thread/INFO]: Using 4 threads for Netty based IO
[22:26:10] [Server thread/INFO]: [MoonriseCommon] Paper is using 1 worker threads, 1 I/O threads
[22:26:10] [Server thread/INFO]: Default game type: SURVIVAL
[22:26:10] [Server thread/INFO]: Generating keypair
[22:26:11] [Server thread/INFO]: Starting Minecraft server on *:25565
[22:26:11] [Server thread/INFO]: Paper: Using libdeflate (Linux x86_64) compression from Velocity.
[22:26:11] [Server thread/INFO]: Paper: Using OpenSSL 3.x.x (Linux x86_64) cipher from Velocity.
[22:26:11] [Server thread/INFO]: Server permissions file permissions.yml is empty, ignoring it
[22:26:11] [Server thread/WARN]: **** SERVER IS RUNNING IN OFFLINE/INSECURE MODE!
[22:26:11] [Server thread/WARN]: The server will make no attempt to authenticate usernames. Beware.
[22:26:11] [Server thread/WARN]: While this makes the game possible to play without internet access, it also opens up the ability for hackers to connect with any username they choose.
[22:26:11] [Server thread/WARN]: To change this, set "online-mode" to "true" in the server.properties file.
[22:26:11] [Server thread/INFO]: Preparing level "world"
[22:26:11] [Server thread/INFO]: [ca.spottedleaf.moonrise.common.util.MoonriseConstants] NUMA enable flag is not set; however there is NUMA interaction support for this OS.
[22:26:11] [Server thread/INFO]: [ca.spottedleaf.moonrise.common.util.MoonriseConstants] Detected 1 NUMA nodes.
[22:26:15] [Server thread/INFO]: Loading 25 persistent chunks for world 'minecraft:overworld'...
[22:26:15] [Server thread/INFO]: Preparing spawn area: 28%
[22:26:15] [Server thread/INFO]: Preparing spawn area: 28%
[22:26:17] [Server thread/INFO]: Prepared spawn area in 2229 ms
[22:26:17] [Server thread/INFO]: Loading 0 persistent chunks for world 'minecraft:the_nether'...
[22:26:17] [Server thread/INFO]: Prepared spawn area in 8 ms
[22:26:17] [Server thread/INFO]: Loading 0 persistent chunks for world 'minecraft:the_end'...
[22:26:17] [Server thread/INFO]: Preparing spawn area: 100%
[22:26:17] [Server thread/INFO]: Prepared spawn area in 5 ms
[22:26:17] [Server thread/INFO]: Done preparing level "world" (5.995s)
[22:26:17] [Server thread/INFO]: [spark] Starting background profiler...
[22:26:18] [Server thread/INFO]: Running delayed init tasks
[22:26:18] [Server thread/INFO]: Done (31.150s)! For help, type "help"
[22:26:19] [Paper Async Task Handler Thread - 1/INFO]: *** Currently you are 29 build(s) behind ***
[22:26:19] [Paper Async Task Handler Thread - 1/INFO]: *** It is highly recommended to download the latest build from https://papermc.io/downloads/paper ***
[22:26:28] [User Authenticator #0/INFO]: UUID of player elguatavo7u7159 is 75b572fc-aa06-364a-9011-97912a77ff25
[22:26:31] [Server thread/INFO]: elguatavo7u7159 joined the game
[22:26:31] [Server thread/INFO]: elguatavo7u7159[/127.151.44.133:58065] logged in with entity id 254 at ([world]282.9274302894123, -6.439422956053664, 68.71033217023329)
[22:33:20] [User Authenticator #1/INFO]: UUID of player _TaeV_ is 895f9bd5-5573-3693-a081-493db59ea955
[22:33:21] [Server thread/INFO]: _TaeV_ joined the game
[22:33:21] [Server thread/INFO]: _TaeV_[/127.146.68.161:34759] logged in with entity id 1913 at ([world]776.2246416434117, 74.9206451228974, -60.56154059502119)
[22:33:51] [Server thread/INFO]: _TaeV_ issued server command: /tp _TaeV_ elguatavo7u7159
[22:33:51] [Server thread/INFO]: [_TaeV_: Teleported _TaeV_ to elguatavo7u7159]
[22:40:54] [Server thread/INFO]: [elguatavo7u7159: Set own game mode to Spectator Mode]
[22:41:05] [Server thread/INFO]: [elguatavo7u7159: Set own game mode to Creative Mode]
[22:41:38] [Server thread/INFO]: [elguatavo7u7159: Set own game mode to Adventure Mode]
[22:41:39] [Server thread/INFO]: [elguatavo7u7159: Set own game mode to Creative Mode]
[22:41:40] [Server thread/INFO]: [elguatavo7u7159: Set own game mode to Spectator Mode]
[22:41:41] [Server thread/INFO]: [elguatavo7u7159: Set own game mode to Creative Mode]
[22:41:42] [Server thread/INFO]: [elguatavo7u7159: Set own game mode to Spectator Mode]
[22:41:50] [Server thread/INFO]: [elguatavo7u7159: Set own game mode to Creative Mode]
[22:41:59] [Server thread/INFO]: [elguatavo7u7159: Set own game mode to Spectator Mode]
[22:42:02] [Server thread/INFO]: [elguatavo7u7159: Set own game mode to Creative Mode]
[22:43:57] [Server thread/INFO]: [elguatavo7u7159: Set own game mode to Spectator Mode]
[22:43:58] [Server thread/INFO]: [elguatavo7u7159: Set own game mode to Creative Mode]
[22:44:03] [Server thread/INFO]: [elguatavo7u7159: Set own game mode to Spectator Mode]
[22:44:09] [Async Chat Thread - #1/INFO]: [Not Secure] <elguatavo7u7159> 251 -12 71
[22:44:27] [Server thread/INFO]: [elguatavo7u7159: Set own game mode to Creative Mode]
[22:44:43] [Server thread/INFO]: elguatavo7u7159 issued server command: /fill 283 77 49
[22:44:45] [Async Chat Thread - #1/INFO]: [Not Secure] <elguatavo7u7159> 283 77 49
[22:44:50] [Server thread/INFO]: [elguatavo7u7159: Set own game mode to Spectator Mode]
[22:44:57] [Server thread/INFO]: [elguatavo7u7159: Set own game mode to Creative Mode]
[22:46:37] [Server thread/INFO]: [_TaeV_: Set own game mode to Spectator Mode]
[22:46:56] [Server thread/INFO]: _TaeV_ issued server command: /weather clear
[22:46:56] [Server thread/INFO]: [_TaeV_: Set the weather to clear]
[22:47:01] [Async Chat Thread - #2/INFO]: [Not Secure] <elguatavo7u7159> 249 -12 69
[22:47:07] [Server thread/INFO]: [_TaeV_: Set own game mode to Creative Mode]
[22:47:26] [Async Chat Thread - #3/INFO]: [Not Secure] <elguatavo7u7159> 283 77 49
[22:47:56] [Async Chat Thread - #3/INFO]: [Not Secure] <elguatavo7u7159> 283 77 49
[22:51:51] [Server thread/INFO]: elguatavo7u7159 issued server command: /fill 249 -12 69
[22:52:00] [Server thread/INFO]: elguatavo7u7159 issued server command: /fill 249 -12 69
[22:52:01] [Async Chat Thread - #5/INFO]: [Not Secure] <elguatavo7u7159> 249 -12 69
[22:52:03] [Async Chat Thread - #5/INFO]: [Not Secure] <elguatavo7u7159> 249 -12 69
[22:52:32] [Async Chat Thread - #5/INFO]: [Not Secure] <elguatavo7u7159> 249 -12 69
[22:58:53] [Async Chat Thread - #6/INFO]: [Not Secure] <_TaeV_> mala noticia mi gente
[22:58:57] [Async Chat Thread - #6/INFO]: [Not Secure] <elguatavo7u7159> q pasa
[22:58:57] [Async Chat Thread - #6/INFO]: [Not Secure] <_TaeV_> me voy a cenar mono
[22:59:01] [Async Chat Thread - #7/INFO]: [Not Secure] <_TaeV_> gudbai
[22:59:21] [Async Chat Thread - #7/INFO]: [Not Secure] <_TaeV_> chau chapi
[22:59:22] [Server thread/INFO]: _TaeV_ lost connection: Disconnected
[22:59:22] [Server thread/INFO]: _TaeV_ left the game
[23:00:39] [Server thread/INFO]: elguatavo7u7159 issued server command: /clone 249 -16 69 253 -16 73 249 -13 69
[23:00:39] [Server thread/INFO]: [elguatavo7u7159: Successfully cloned 25 block(s)]
[23:02:19] [Server thread/INFO]: elguatavo7u7159 issued server command: /clone 249 -15 69
[23:02:23] [Server thread/INFO]: elguatavo7u7159 issued server command: /clone 249 -15 69 253 -15 73
[23:02:29] [Server thread/INFO]: elguatavo7u7159 issued server command: /clone 249 -15 69 253 -15 73 249 -12 69
[23:02:29] [Server thread/INFO]: [elguatavo7u7159: Successfully cloned 25 block(s)]
[23:02:45] [Server thread/INFO]: elguatavo7u7159 issued server command: /clone 249 -15 69 253 -15 73 249 -13 69
[23:02:45] [Server thread/INFO]: [elguatavo7u7159: Successfully cloned 25 block(s)]
[23:03:29] [Server thread/INFO]: elguatavo7u7159 issued server command: /clone 249 -14 69
[23:03:33] [Server thread/INFO]: elguatavo7u7159 issued server command: /clone 249 -14 69 253 -14 73
[23:03:38] [Server thread/INFO]: elguatavo7u7159 issued server command: /clone 249 -14 69 253 -14 73 249 -13 69
[23:03:38] [Server thread/INFO]: [elguatavo7u7159: Successfully cloned 25 block(s)]
[23:09:37] [Server thread/INFO]: elguatavo7u7159 issued server command: /clone 249 -16 69
[23:10:19] [Server thread/INFO]: elguatavo7u7159 issued server command: /clone 249 -15 69
[23:10:30] [Server thread/INFO]: elguatavo7u7159 issued server command: /clone 249 -15 69 253 -15 73
[23:10:51] [Server thread/INFO]: elguatavo7u7159 issued server command: /clone 249 -14 69
[23:10:57] [Server thread/INFO]: elguatavo7u7159 issued server command: /clone 249 -14 69 253 -14 73
[23:11:04] [Server thread/INFO]: elguatavo7u7159 issued server command: /clone 249 -14 69 253 -14 73 249 -13 69
[23:11:04] [Server thread/INFO]: [elguatavo7u7159: Successfully cloned 25 block(s)]
[23:13:11] [Server thread/INFO]: elguatavo7u7159 issued server command: /give elguatavo7u7159 minecraft:light
[23:13:11] [Server thread/INFO]: [elguatavo7u7159: Gave 1 [Light] to elguatavo7u7159]
[23:14:35] [Server thread/INFO]: Stopping the server
[23:14:35] [Server thread/INFO]: Stopping server
[23:14:35] [Server thread/INFO]: Saving players
[23:14:35] [Server thread/INFO]: elguatavo7u7159 lost connection: Server closed
[23:14:35] [Server thread/INFO]: elguatavo7u7159 left the game
[23:14:35] [Server thread/INFO]: Saving worlds
[23:14:35] [Server thread/INFO]: Saving chunks for level 'ServerLevel[world]'/minecraft:overworld
[23:14:35] [Server thread/INFO]: [ChunkHolderManager] Waiting 60s for chunk system to halt for world 'world'
[23:14:35] [Server thread/INFO]: [ChunkHolderManager] Halted chunk system for world 'world'
[23:14:36] [Server thread/INFO]: [ChunkHolderManager] Saving all chunkholders for world 'world'
[23:14:37] [Server thread/INFO]: [ChunkHolderManager] Saved 115 block chunks, 513 entity chunks, 0 poi chunks in world 'world' in 1.08s
[23:14:37] [Server thread/INFO]: [ChunkHolderManager] Waiting 60s for chunk I/O to halt for world 'world'
[23:14:37] [Server thread/INFO]: [ChunkHolderManager] Halted I/O scheduler for world 'world'
[23:14:37] [Server thread/INFO]: Saving chunks for level 'ServerLevel[world_nether]'/minecraft:the_nether
[23:14:37] [Server thread/INFO]: [ChunkHolderManager] Waiting 60s for chunk system to halt for world 'world_nether'
[23:14:37] [Server thread/INFO]: [ChunkHolderManager] Halted chunk system for world 'world_nether'
[23:14:37] [Server thread/INFO]: [ChunkHolderManager] Saving all chunkholders for world 'world_nether'
[23:14:37] [Server thread/INFO]: [ChunkHolderManager] Saved 0 block chunks, 0 entity chunks, 0 poi chunks in world 'world_nether' in 0.00s
[23:14:37] [Server thread/INFO]: [ChunkHolderManager] Waiting 60s for chunk I/O to halt for world 'world_nether'
[23:14:37] [Server thread/INFO]: [ChunkHolderManager] Halted I/O scheduler for world 'world_nether'
[23:14:37] [Server thread/INFO]: Saving chunks for level 'ServerLevel[world_the_end]'/minecraft:the_end
[23:14:37] [Server thread/INFO]: [ChunkHolderManager] Waiting 60s for chunk system to halt for world 'world_the_end'
[23:14:37] [Server thread/INFO]: [ChunkHolderManager] Halted chunk system for world 'world_the_end'
[23:14:37] [Server thread/INFO]: [ChunkHolderManager] Saving all chunkholders for world 'world_the_end'
[23:14:37] [Server thread/INFO]: [ChunkHolderManager] Saved 0 block chunks, 0 entity chunks, 0 poi chunks in world 'world_the_end' in 0.00s
[23:14:37] [Server thread/INFO]: [ChunkHolderManager] Waiting 60s for chunk I/O to halt for world 'world_the_end'
[23:14:37] [Server thread/INFO]: [ChunkHolderManager] Halted I/O scheduler for world 'world_the_end'
[23:14:37] [Server thread/INFO]: ThreadedAnvilChunkStorage (world): All chunks are saved
[23:14:37] [Server thread/INFO]: ThreadedAnvilChunkStorage (DIM-1): All chunks are saved
[23:14:37] [Server thread/INFO]: ThreadedAnvilChunkStorage (DIM1): All chunks are saved
[23:14:37] [Server thread/INFO]: ThreadedAnvilChunkStorage: All dimensions are saved
[23:14:37] [Server thread/INFO]: Waiting for all RegionFile I/O tasks to complete...
[23:14:37] [Server thread/INFO]: All RegionFile I/O tasks to complete
[23:14:37] [Server thread/INFO]: [MoonriseCommon] Awaiting termination of worker pool for up to 60s...
[23:14:37] [Server thread/INFO]: [MoonriseCommon] Awaiting termination of I/O pool for up to 60s...
